11-05 17:11:11 com_github_MitjaNemec_ReplicateLayout.action_replicate_layout 303:Plugin executed on: 'linux'
11-05 17:11:11 com_github_MitjaNemec_ReplicateLayout.action_replicate_layout 304:Plugin executed with python version: '3.10.8 (main, Oct 13 2022, 21:13:48) [GCC 12.2.0]'
11-05 17:11:11 com_github_MitjaNemec_ReplicateLayout.action_replicate_layout 305:KiCad build version: (6.0.8)
11-05 17:11:11 com_github_MitjaNemec_ReplicateLayout.action_replicate_layout 306:Plugin version: 1.2.1
11-05 17:11:11 com_github_MitjaNemec_ReplicateLayout.action_replicate_layout 307:Frame repr: <wx._core.Frame object at 0x7fa87c3b7250>
11-05 17:11:11 com_github_MitjaNemec_ReplicateLayout.action_replicate_layout 331:Preparing replicator with J16 as a reference
11-05 17:11:11 com_github_MitjaNemec_ReplicateLayout.replicate_layout 106:getting a list of all footprints on board
11-05 17:11:11 com_github_MitjaNemec_ReplicateLayout.action_replicate_layout 359:source anchor footprint is 'J16'
Located on: ['out_1']
With filenames: ['File: out_shift.kicad_sch']
With sheet_id:['out_1']
11-05 17:11:11 com_github_MitjaNemec_ReplicateLayout.action_replicate_layout 366:Corresponding footprints are 
[('J16', ['out_1']), ('J8', ['out_0'])]
11-05 17:11:11 com_github_MitjaNemec_ReplicateLayout.action_replicate_layout 378:Showing dialog
11-05 17:11:11 com_github_MitjaNemec_ReplicateLayout.replicate_layout 344:constructing a list of sheets suitable for replication on level:'out_1', file:'File: out_shift.kicad_sch'
11-05 17:11:11 com_github_MitjaNemec_ReplicateLayout.replicate_layout 381:suitable sheets are:[['out_0']]
11-05 17:11:11 com_github_MitjaNemec_ReplicateLayout.replicate_layout 1112:Level selected: ['out_1']
11-05 17:11:11 com_github_MitjaNemec_ReplicateLayout.action_replicate_layout 384:Toolbar position: wx.Point(3406, 87)
11-05 17:11:11 com_github_MitjaNemec_ReplicateLayout.action_replicate_layout 390:Dialog position: wx.Point(3042, 87)
11-05 17:11:22 com_github_MitjaNemec_ReplicateLayout.replicate_layout 344:constructing a list of sheets suitable for replication on level:'out_1', file:'File: out_shift.kicad_sch'
11-05 17:11:22 com_github_MitjaNemec_ReplicateLayout.replicate_layout 381:suitable sheets are:[['out_0']]
11-05 17:11:22 com_github_MitjaNemec_ReplicateLayout.action_replicate_layout 157:Replicating layout
11-05 17:11:22 com_github_MitjaNemec_ReplicateLayout.replicate_layout 154:Starting replication of sheets: [['out_0']]
on level: ['out_1']
with tracks=True, zone=True, text=True, text=True, containing=True, remove=False, locked footprints=False, by_group=False
11-05 17:11:22 root 243:updating GUI message: 'Preparing for replication'
11-05 17:11:22 root 248:updating GUI with: 0
11-05 17:11:22 com_github_MitjaNemec_ReplicateLayout.replicate_layout 224:Getting the list of source footprints
11-05 17:11:22 root 248:updating GUI with: 0
11-05 17:11:22 com_github_MitjaNemec_ReplicateLayout.replicate_layout 239:Getting the list of all the remaining footprints
11-05 17:11:22 root 248:updating GUI with: 12
11-05 17:11:22 com_github_MitjaNemec_ReplicateLayout.replicate_layout 244:Getting nets local to source footprints
11-05 17:11:22 root 248:updating GUI with: 25
11-05 17:11:22 com_github_MitjaNemec_ReplicateLayout.replicate_layout 247:Getting source bounding box
11-05 17:11:22 com_github_MitjaNemec_ReplicateLayout.replicate_layout 251:Getting source tracks
11-05 17:11:22 com_github_MitjaNemec_ReplicateLayout.replicate_layout 266:Getting source zones
11-05 17:11:22 com_github_MitjaNemec_ReplicateLayout.replicate_layout 275:Getting source text items
11-05 17:11:22 com_github_MitjaNemec_ReplicateLayout.replicate_layout 284:Getting source drawing items
11-05 17:11:22 root 243:updating GUI message: 'Replicating footprints'
11-05 17:11:22 com_github_MitjaNemec_ReplicateLayout.replicate_layout 678:Replicating footprints
11-05 17:11:22 com_github_MitjaNemec_ReplicateLayout.replicate_layout 684:Replicating footprints on sheet ['out_0']
11-05 17:11:22 root 243:updating GUI message: 'Replicating tracks'
11-05 17:11:22 com_github_MitjaNemec_ReplicateLayout.replicate_layout 844:Replicating tracks
11-05 17:11:22 com_github_MitjaNemec_ReplicateLayout.replicate_layout 850:Replicating tracks on sheet ['out_0']
11-05 17:11:22 root 243:updating GUI message: 'Replicating zones'
11-05 17:11:22 com_github_MitjaNemec_ReplicateLayout.replicate_layout 909:Replicating zones
11-05 17:11:22 com_github_MitjaNemec_ReplicateLayout.replicate_layout 916:Replicating zones on sheet ['out_0']
11-05 17:11:22 root 243:updating GUI message: 'Replicating text'
11-05 17:11:22 com_github_MitjaNemec_ReplicateLayout.replicate_layout 985:Replicating text
11-05 17:11:22 root 248:updating GUI with: 0
11-05 17:11:22 com_github_MitjaNemec_ReplicateLayout.replicate_layout 992:Replicating text on sheet ['out_0']
11-05 17:11:22 root 243:updating GUI message: 'Replicating drawings'
11-05 17:11:22 com_github_MitjaNemec_ReplicateLayout.replicate_layout 1032:Replicating drawings
11-05 17:11:22 com_github_MitjaNemec_ReplicateLayout.replicate_layout 1038:Replicating drawings on sheet ['out_0']
11-05 17:11:22 com_github_MitjaNemec_ReplicateLayout.action_replicate_layout 177:Replication complete
